2025-04-04 09:23:37.675817 - Received SBGOLOB.CBT509.FILE417 from FILE417.XMI 
2025-04-04 09:23:37.676768 - Found $$$#DATE.txt (text/plain) in SBGOLOB.CBT509.FILE417, moved to PDS/$$$#DATE
2025-04-04 09:23:37.676935 - Found $$README.txt (text/plain) in SBGOLOB.CBT509.FILE417, moved to PDS/$$README
2025-04-04 09:23:37.677086 - Found $DOC.txt (text/plain) in SBGOLOB.CBT509.FILE417, moved to PDS/$DOC
2025-04-04 09:23:37.677218 - Found $INSTALL.rexx (text/plain) in SBGOLOB.CBT509.FILE417, moved to PDS/$INSTALL
2025-04-04 09:23:37.677341 - Found $MACSTUB.rexx (text/plain) in SBGOLOB.CBT509.FILE417, moved to PDS/$MACSTUB
2025-04-04 09:23:37.677464 - Found $STUB.rexx (text/plain) in SBGOLOB.CBT509.FILE417, moved to PDS/$STUB
2025-04-04 09:23:37.677604 - Found @FILE417.txt (text/plain) in SBGOLOB.CBT509.FILE417, moved to PDS/@FILE417
2025-04-04 09:23:37.678607 - Found EXEC.xmi (application/xmit) in SBGOLOB.CBT509.FILE417, moved to PDS/EXEC.xmi
2025-04-04 09:23:38.584451 - Received LBDYCK.RACFADM.EXEC from EXEC.xmi 
2025-04-04 09:23:38.586617 - Found $$DIR.txt (text/plain) in LBDYCK.RACFADM.EXEC, moved to EXEC/$$DIR
2025-04-04 09:23:38.586829 - Found $STUB.rexx (text/plain) in LBDYCK.RACFADM.EXEC, moved to EXEC/$STUB
2025-04-04 09:23:38.586981 - Found LC.rexx (text/plain) in LBDYCK.RACFADM.EXEC, moved to EXEC/LC
2025-04-04 09:23:38.587121 - Found LR.rexx (text/plain) in LBDYCK.RACFADM.EXEC, moved to EXEC/LR
2025-04-04 09:23:38.587293 - Found OPERMIT.rexx (text/plain) in LBDYCK.RACFADM.EXEC, moved to EXEC/OPERMIT
2025-04-04 09:23:38.587453 - Found ORALTER.rexx (text/plain) in LBDYCK.RACFADM.EXEC, moved to EXEC/ORALTER
2025-04-04 09:23:38.587587 - Found ORLIST.rexx (text/plain) in LBDYCK.RACFADM.EXEC, moved to EXEC/ORLIST
2025-04-04 09:23:38.587765 - Found RACFADM.rexx (text/plain) in LBDYCK.RACFADM.EXEC, moved to EXEC/RACFADM
2025-04-04 09:23:38.587889 - Found RACFADMC.rexx (text/plain) in LBDYCK.RACFADM.EXEC, moved to EXEC/RACFADMC
2025-04-04 09:23:38.588011 - Found RACFALTD.rexx (text/plain) in LBDYCK.RACFADM.EXEC, moved to EXEC/RACFALTD
2025-04-04 09:23:38.588137 - Found RACFALTG.rexx (text/plain) in LBDYCK.RACFADM.EXEC, moved to EXEC/RACFALTG
2025-04-04 09:23:38.588260 - Found RACFALTU.rexx (text/plain) in LBDYCK.RACFADM.EXEC, moved to EXEC/RACFALTU
2025-04-04 09:23:38.588384 - Found RACFCERT.rexx (text/plain) in LBDYCK.RACFADM.EXEC, moved to EXEC/RACFCERT
2025-04-04 09:23:38.588518 - Found RACFCHKP.rexx (text/plain) in LBDYCK.RACFADM.EXEC, moved to EXEC/RACFCHKP
2025-04-04 09:23:38.588636 - Found RACFCLOG.rexx (text/plain) in LBDYCK.RACFADM.EXEC, moved to EXEC/RACFCLOG
2025-04-04 09:23:38.588756 - Found RACFCLSA.rexx (text/plain) in LBDYCK.RACFADM.EXEC, moved to EXEC/RACFCLSA
2025-04-04 09:23:38.588882 - Found RACFCLSG.rexx (text/plain) in LBDYCK.RACFADM.EXEC, moved to EXEC/RACFCLSG
2025-04-04 09:23:38.589016 - Found RACFCLSR.rexx (text/plain) in LBDYCK.RACFADM.EXEC, moved to EXEC/RACFCLSR
2025-04-04 09:23:38.589140 - Found RACFCLSS.rexx (text/plain) in LBDYCK.RACFADM.EXEC, moved to EXEC/RACFCLSS
2025-04-04 09:23:38.589294 - Found RACFCMDS.rexx (text/plain) in LBDYCK.RACFADM.EXEC, moved to EXEC/RACFCMDS
2025-04-04 09:23:38.589430 - Found RACFCOPU.rexx (text/plain) in LBDYCK.RACFADM.EXEC, moved to EXEC/RACFCOPU
2025-04-04 09:23:38.589552 - Found RACFDB.rexx (text/plain) in LBDYCK.RACFADM.EXEC, moved to EXEC/RACFDB
2025-04-04 09:23:38.589677 - Found RACFDCER.rexx (text/plain) in LBDYCK.RACFADM.EXEC, moved to EXEC/RACFDCER
2025-04-04 09:23:38.589806 - Found RACFDCON.rexx (text/plain) in LBDYCK.RACFADM.EXEC, moved to EXEC/RACFDCON
2025-04-04 09:23:38.589926 - Found RACFDSEP.rexx (text/plain) in LBDYCK.RACFADM.EXEC, moved to EXEC/RACFDSEP
2025-04-04 09:23:38.590040 - Found RACFDSL.rexx (text/plain) in LBDYCK.RACFADM.EXEC, moved to EXEC/RACFDSL
2025-04-04 09:23:38.590164 - Found RACFDSN.rexx (text/plain) in LBDYCK.RACFADM.EXEC, moved to EXEC/RACFDSN
2025-04-04 09:23:38.590283 - Found RACFEMAC.rexx (text/plain) in LBDYCK.RACFADM.EXEC, moved to EXEC/RACFEMAC
2025-04-04 09:23:38.590406 - Found RACFEMST.rexx (text/plain) in LBDYCK.RACFADM.EXEC, moved to EXEC/RACFEMST
2025-04-04 09:23:38.590516 - Found RACFENQS.rexx (text/plain) in LBDYCK.RACFADM.EXEC, moved to EXEC/RACFENQS
2025-04-04 09:23:38.590629 - Found RACFGEN.rexx (text/plain) in LBDYCK.RACFADM.EXEC, moved to EXEC/RACFGEN
2025-04-04 09:23:38.590764 - Found RACFGRP.rexx (text/plain) in LBDYCK.RACFADM.EXEC, moved to EXEC/RACFGRP
2025-04-04 09:23:38.590887 - Found RACFGTRE.rexx (text/plain) in LBDYCK.RACFADM.EXEC, moved to EXEC/RACFGTRE
2025-04-04 09:23:38.591009 - Found RACFHELP.rexx (text/plain) in LBDYCK.RACFADM.EXEC, moved to EXEC/RACFHELP
2025-04-04 09:23:38.591142 - Found RACFIBM.rexx (text/plain) in LBDYCK.RACFADM.EXEC, moved to EXEC/RACFIBM
2025-04-04 09:23:38.591272 - Found RACFLOG.rexx (text/plain) in LBDYCK.RACFADM.EXEC, moved to EXEC/RACFLOG
2025-04-04 09:23:38.591391 - Found RACFMRUN.rexx (text/plain) in LBDYCK.RACFADM.EXEC, moved to EXEC/RACFMRUN
2025-04-04 09:23:38.591504 - Found RACFMSG.rexx (text/plain) in LBDYCK.RACFADM.EXEC, moved to EXEC/RACFMSG
2025-04-04 09:23:38.591621 - Found RACFMSGC.rexx (text/plain) in LBDYCK.RACFADM.EXEC, moved to EXEC/RACFMSGC
2025-04-04 09:23:38.591745 - Found RACFMSGS.rexx (text/plain) in LBDYCK.RACFADM.EXEC, moved to EXEC/RACFMSGS
2025-04-04 09:23:38.591860 - Found RACFMVS.rexx (text/plain) in LBDYCK.RACFADM.EXEC, moved to EXEC/RACFMVS
2025-04-04 09:23:38.591993 - Found RACFNOTE.rexx (text/plain) in LBDYCK.RACFADM.EXEC, moved to EXEC/RACFNOTE
2025-04-04 09:23:38.592108 - Found RACFOMVS.rexx (text/plain) in LBDYCK.RACFADM.EXEC, moved to EXEC/RACFOMVS
2025-04-04 09:23:38.592229 - Found RACFPRMS.rexx (text/plain) in LBDYCK.RACFADM.EXEC, moved to EXEC/RACFPRMS
2025-04-04 09:23:38.592343 - Found RACFPROF.rexx (text/plain) in LBDYCK.RACFADM.EXEC, moved to EXEC/RACFPROF
2025-04-04 09:23:38.592455 - Found RACFPSWD.rexx (text/plain) in LBDYCK.RACFADM.EXEC, moved to EXEC/RACFPSWD
2025-04-04 09:23:38.592574 - Found RACFPUTL.rexx (text/plain) in LBDYCK.RACFADM.EXEC, moved to EXEC/RACFPUTL
2025-04-04 09:23:38.592688 - Found RACFPWPH.rexx (text/plain) in LBDYCK.RACFADM.EXEC, moved to EXEC/RACFPWPH
2025-04-04 09:23:38.592817 - Found RACFRING.rexx (text/plain) in LBDYCK.RACFADM.EXEC, moved to EXEC/RACFRING
2025-04-04 09:23:38.592930 - Found RACFRPTS.rexx (text/plain) in LBDYCK.RACFADM.EXEC, moved to EXEC/RACFRPTS
2025-04-04 09:23:38.593068 - Found RACFRVER.rexx (text/plain) in LBDYCK.RACFADM.EXEC, moved to EXEC/RACFRVER
2025-04-04 09:23:38.593191 - Found RACFSETD.rexx (text/plain) in LBDYCK.RACFADM.EXEC, moved to EXEC/RACFSETD
2025-04-04 09:23:38.593307 - Found RACFSETG.rexx (text/plain) in LBDYCK.RACFADM.EXEC, moved to EXEC/RACFSETG
2025-04-04 09:23:38.593442 - Found RACFUSR.rexx (text/plain) in LBDYCK.RACFADM.EXEC, moved to EXEC/RACFUSR
2025-04-04 09:23:38.593563 - Found RACFUSRT.rexx (text/plain) in LBDYCK.RACFADM.EXEC, moved to EXEC/RACFUSRT
2025-04-04 09:23:38.593673 - Found RACFUSRX.rexx (text/plain) in LBDYCK.RACFADM.EXEC, moved to EXEC/RACFUSRX
2025-04-04 09:23:38.593783 - Found RACFUSRY.rexx (text/plain) in LBDYCK.RACFADM.EXEC, moved to EXEC/RACFUSRY
2025-04-04 09:23:38.593909 - Found RACRUN.rexx (text/plain) in LBDYCK.RACFADM.EXEC, moved to EXEC/RACRUN
2025-04-04 09:23:38.596609 - Found INTRO.txt (text/plain) in SBGOLOB.CBT509.FILE417, moved to PDS/INTRO
2025-04-04 09:23:38.596736 - Found MSGS.xmi (application/xmit) in SBGOLOB.CBT509.FILE417, moved to PDS/MSGS.xmi
2025-04-04 09:23:38.605532 - Received LBDYCK.RACFADM.MSGS from MSGS.xmi 
2025-04-04 09:23:38.605939 - Found RACF01.txt (text/plain) in LBDYCK.RACFADM.MSGS, moved to MSGS/RACF01
2025-04-04 09:23:38.606498 - Found PANELS.xmi (application/xmit) in SBGOLOB.CBT509.FILE417, moved to PDS/PANELS.xmi
2025-04-04 09:23:40.056900 - Received LBDYCK.RACFADM.PANELS from PANELS.xmi 
2025-04-04 09:23:40.061606 - Found $$DIR.txt (text/plain) in LBDYCK.RACFADM.PANELS, moved to PANELS/$$DIR
2025-04-04 09:23:40.061777 - Found $CLASSES.txt (text/plain) in LBDYCK.RACFADM.PANELS, moved to PANELS/$CLASSES
2025-04-04 09:23:40.061932 - Found $DEFSETG.txt (text/plain) in LBDYCK.RACFADM.PANELS, moved to PANELS/$DEFSETG
2025-04-04 09:23:40.062080 - Found $GLOSSRY.txt (text/plain) in LBDYCK.RACFADM.PANELS, moved to PANELS/$GLOSSRY
2025-04-04 09:23:40.062205 - Found $ISSUES.txt (text/plain) in LBDYCK.RACFADM.PANELS, moved to PANELS/$ISSUES
2025-04-04 09:23:40.062334 - Found $REPORTS.txt (text/plain) in LBDYCK.RACFADM.PANELS, moved to PANELS/$REPORTS
2025-04-04 09:23:40.062473 - Found $STNDARD.txt (text/plain) in LBDYCK.RACFADM.PANELS, moved to PANELS/$STNDARD
2025-04-04 09:23:40.062652 - Found $UNDOC.txt (text/plain) in LBDYCK.RACFADM.PANELS, moved to PANELS/$UNDOC
2025-04-04 09:23:40.062800 - Found $UPDATES.txt (text/plain) in LBDYCK.RACFADM.PANELS, moved to PANELS/$UPDATES
2025-04-04 09:23:40.062935 - Found #RACACC.txt (text/plain) in LBDYCK.RACFADM.PANELS, moved to PANELS/#RACACC
2025-04-04 09:23:40.063065 - Found #RACACKN.txt (text/plain) in LBDYCK.RACFADM.PANELS, moved to PANELS/#RACACKN
2025-04-04 09:23:40.063192 - Found #RACAMTC.txt (text/plain) in LBDYCK.RACFADM.PANELS, moved to PANELS/#RACAMTC
2025-04-04 09:23:40.063316 - Found #RACCERA.txt (text/plain) in LBDYCK.RACFADM.PANELS, moved to PANELS/#RACCERA
2025-04-04 09:23:40.063437 - Found #RACCERG.txt (text/plain) in LBDYCK.RACFADM.PANELS, moved to PANELS/#RACCERG
2025-04-04 09:23:40.063575 - Found #RACCERT.txt (text/plain) in LBDYCK.RACFADM.PANELS, moved to PANELS/#RACCERT
2025-04-04 09:23:40.063704 - Found #RACCLSA.txt (text/plain) in LBDYCK.RACFADM.PANELS, moved to PANELS/#RACCLSA
2025-04-04 09:23:40.063835 - Found #RACCLSF.txt (text/plain) in LBDYCK.RACFADM.PANELS, moved to PANELS/#RACCLSF
2025-04-04 09:23:40.063961 - Found #RACCLSR.txt (text/plain) in LBDYCK.RACFADM.PANELS, moved to PANELS/#RACCLSR
2025-04-04 09:23:40.064084 - Found #RACCLS2.txt (text/plain) in LBDYCK.RACFADM.PANELS, moved to PANELS/#RACCLS2
2025-04-04 09:23:40.064223 - Found #RACCLS5.txt (text/plain) in LBDYCK.RACFADM.PANELS, moved to PANELS/#RACCLS5
2025-04-04 09:23:40.064341 - Found #RACCLS8.txt (text/plain) in LBDYCK.RACFADM.PANELS, moved to PANELS/#RACCLS8
2025-04-04 09:23:40.064480 - Found #RACCMDS.txt (text/plain) in LBDYCK.RACFADM.PANELS, moved to PANELS/#RACCMDS
2025-04-04 09:23:40.064600 - Found #RACCOPU.txt (text/plain) in LBDYCK.RACFADM.PANELS, moved to PANELS/#RACCOPU
2025-04-04 09:23:40.064734 - Found #RACDB.txt (text/plain) in LBDYCK.RACFADM.PANELS, moved to PANELS/#RACDB
2025-04-04 09:23:40.064858 - Found #RACDSL.txt (text/plain) in LBDYCK.RACFADM.PANELS, moved to PANELS/#RACDSL
2025-04-04 09:23:40.064980 - Found #RACDSNA.txt (text/plain) in LBDYCK.RACFADM.PANELS, moved to PANELS/#RACDSNA
2025-04-04 09:23:40.065101 - Found #RACDSN2.txt (text/plain) in LBDYCK.RACFADM.PANELS, moved to PANELS/#RACDSN2
2025-04-04 09:23:40.065225 - Found #RACDSN5.txt (text/plain) in LBDYCK.RACFADM.PANELS, moved to PANELS/#RACDSN5
2025-04-04 09:23:40.065359 - Found #RACDSN8.txt (text/plain) in LBDYCK.RACFADM.PANELS, moved to PANELS/#RACDSN8
2025-04-04 09:23:40.065480 - Found #RACENQ.txt (text/plain) in LBDYCK.RACFADM.PANELS, moved to PANELS/#RACENQ
2025-04-04 09:23:40.065593 - Found #RACERA.txt (text/plain) in LBDYCK.RACFADM.PANELS, moved to PANELS/#RACERA
2025-04-04 09:23:40.065713 - Found #RACFPP.txt (text/plain) in LBDYCK.RACFADM.PANELS, moved to PANELS/#RACFPP
2025-04-04 09:23:40.065842 - Found #RACGEN1.txt (text/plain) in LBDYCK.RACFADM.PANELS, moved to PANELS/#RACGEN1
2025-04-04 09:23:40.065962 - Found #RACGRP5.txt (text/plain) in LBDYCK.RACFADM.PANELS, moved to PANELS/#RACGRP5
2025-04-04 09:23:40.066077 - Found #RACGRP8.txt (text/plain) in LBDYCK.RACFADM.PANELS, moved to PANELS/#RACGRP8
2025-04-04 09:23:40.066211 - Found #RACGRP9.txt (text/plain) in LBDYCK.RACFADM.PANELS, moved to PANELS/#RACGRP9
2025-04-04 09:23:40.066327 - Found #RACGTRE.txt (text/plain) in LBDYCK.RACFADM.PANELS, moved to PANELS/#RACGTRE
2025-04-04 09:23:40.066443 - Found #RACHEL1.txt (text/plain) in LBDYCK.RACFADM.PANELS, moved to PANELS/#RACHEL1
2025-04-04 09:23:40.066562 - Found #RACHEL2.txt (text/plain) in LBDYCK.RACFADM.PANELS, moved to PANELS/#RACHEL2
2025-04-04 09:23:40.066680 - Found #RACHIST.txt (text/plain) in LBDYCK.RACFADM.PANELS, moved to PANELS/#RACHIST
2025-04-04 09:23:40.066801 - Found #RACIBM.txt (text/plain) in LBDYCK.RACFADM.PANELS, moved to PANELS/#RACIBM
2025-04-04 09:23:40.066935 - Found #RACLOG.txt (text/plain) in LBDYCK.RACFADM.PANELS, moved to PANELS/#RACLOG
2025-04-04 09:23:40.067065 - Found #RACMACS.txt (text/plain) in LBDYCK.RACFADM.PANELS, moved to PANELS/#RACMACS
2025-04-04 09:23:40.067184 - Found #RACMENU.txt (text/plain) in LBDYCK.RACFADM.PANELS, moved to PANELS/#RACMENU
2025-04-04 09:23:40.067301 - Found #RACMEN1.txt (text/plain) in LBDYCK.RACFADM.PANELS, moved to PANELS/#RACMEN1
2025-04-04 09:23:40.067432 - Found #RACMSG.txt (text/plain) in LBDYCK.RACFADM.PANELS, moved to PANELS/#RACMSG
2025-04-04 09:23:40.067545 - Found #RACMSGU.txt (text/plain) in LBDYCK.RACFADM.PANELS, moved to PANELS/#RACMSGU
2025-04-04 09:23:40.067667 - Found #RACMVS.txt (text/plain) in LBDYCK.RACFADM.PANELS, moved to PANELS/#RACMVS
2025-04-04 09:23:40.067788 - Found #RACNOT1.txt (text/plain) in LBDYCK.RACFADM.PANELS, moved to PANELS/#RACNOT1
2025-04-04 09:23:40.067915 - Found #RACNOT2.txt (text/plain) in LBDYCK.RACFADM.PANELS, moved to PANELS/#RACNOT2
2025-04-04 09:23:40.068029 - Found #RACNOT3.txt (text/plain) in LBDYCK.RACFADM.PANELS, moved to PANELS/#RACNOT3
2025-04-04 09:23:40.068145 - Found #RACOMA1.txt (text/plain) in LBDYCK.RACFADM.PANELS, moved to PANELS/#RACOMA1
2025-04-04 09:23:40.068269 - Found #RACOMA2.txt (text/plain) in LBDYCK.RACFADM.PANELS, moved to PANELS/#RACOMA2
2025-04-04 09:23:40.068386 - Found #RACOMF1.txt (text/plain) in LBDYCK.RACFADM.PANELS, moved to PANELS/#RACOMF1
2025-04-04 09:23:40.068501 - Found #RACOMF2.txt (text/plain) in LBDYCK.RACFADM.PANELS, moved to PANELS/#RACOMF2
2025-04-04 09:23:40.068616 - Found #RACOMG1.txt (text/plain) in LBDYCK.RACFADM.PANELS, moved to PANELS/#RACOMG1
2025-04-04 09:23:40.068729 - Found #RACOMG2.txt (text/plain) in LBDYCK.RACFADM.PANELS, moved to PANELS/#RACOMG2
2025-04-04 09:23:40.068851 - Found #RACOML1.txt (text/plain) in LBDYCK.RACFADM.PANELS, moved to PANELS/#RACOML1
2025-04-04 09:23:40.068974 - Found #RACOML2.txt (text/plain) in LBDYCK.RACFADM.PANELS, moved to PANELS/#RACOML2
2025-04-04 09:23:40.069094 - Found #RACOMP1.txt (text/plain) in LBDYCK.RACFADM.PANELS, moved to PANELS/#RACOMP1
2025-04-04 09:23:40.069206 - Found #RACOMP2.txt (text/plain) in LBDYCK.RACFADM.PANELS, moved to PANELS/#RACOMP2
2025-04-04 09:23:40.069327 - Found #RACOMS1.txt (text/plain) in LBDYCK.RACFADM.PANELS, moved to PANELS/#RACOMS1
2025-04-04 09:23:40.069444 - Found #RACOMS2.txt (text/plain) in LBDYCK.RACFADM.PANELS, moved to PANELS/#RACOMS2
2025-04-04 09:23:40.069562 - Found #RACOMU1.txt (text/plain) in LBDYCK.RACFADM.PANELS, moved to PANELS/#RACOMU1
2025-04-04 09:23:40.069673 - Found #RACOMU2.txt (text/plain) in LBDYCK.RACFADM.PANELS, moved to PANELS/#RACOMU2
2025-04-04 09:23:40.069785 - Found #RACOMVS.txt (text/plain) in LBDYCK.RACFADM.PANELS, moved to PANELS/#RACOMVS
2025-04-04 09:23:40.069901 - Found #RACPRMS.txt (text/plain) in LBDYCK.RACFADM.PANELS, moved to PANELS/#RACPRMS
2025-04-04 09:23:40.070016 - Found #RACPSWD.txt (text/plain) in LBDYCK.RACFADM.PANELS, moved to PANELS/#RACPSWD
2025-04-04 09:23:40.070136 - Found #RACPSWH.txt (text/plain) in LBDYCK.RACFADM.PANELS, moved to PANELS/#RACPSWH
2025-04-04 09:23:40.070253 - Found #RACPUB1.txt (text/plain) in LBDYCK.RACFADM.PANELS, moved to PANELS/#RACPUB1
2025-04-04 09:23:40.070380 - Found #RACPUB2.txt (text/plain) in LBDYCK.RACFADM.PANELS, moved to PANELS/#RACPUB2
2025-04-04 09:23:40.070496 - Found #RACRING.txt (text/plain) in LBDYCK.RACFADM.PANELS, moved to PANELS/#RACRING
2025-04-04 09:23:40.070608 - Found #RACRPT1.txt (text/plain) in LBDYCK.RACFADM.PANELS, moved to PANELS/#RACRPT1
2025-04-04 09:23:40.070724 - Found #RACRPT2.txt (text/plain) in LBDYCK.RACFADM.PANELS, moved to PANELS/#RACRPT2
2025-04-04 09:23:40.070841 - Found #RACRUN.txt (text/plain) in LBDYCK.RACFADM.PANELS, moved to PANELS/#RACRUN
2025-04-04 09:23:40.070966 - Found #RACSET1.txt (text/plain) in LBDYCK.RACFADM.PANELS, moved to PANELS/#RACSET1
2025-04-04 09:23:40.071080 - Found #RACSET2.txt (text/plain) in LBDYCK.RACFADM.PANELS, moved to PANELS/#RACSET2
2025-04-04 09:23:40.071194 - Found #RACSET3.txt (text/plain) in LBDYCK.RACFADM.PANELS, moved to PANELS/#RACSET3
2025-04-04 09:23:40.071310 - Found #RACSET4.txt (text/plain) in LBDYCK.RACFADM.PANELS, moved to PANELS/#RACSET4
2025-04-04 09:23:40.071426 - Found #RACUSR2.txt (text/plain) in LBDYCK.RACFADM.PANELS, moved to PANELS/#RACUSR2
2025-04-04 09:23:40.071536 - Found #RACUSR3.txt (text/plain) in LBDYCK.RACFADM.PANELS, moved to PANELS/#RACUSR3
2025-04-04 09:23:40.071661 - Found #RACUSR5.txt (text/plain) in LBDYCK.RACFADM.PANELS, moved to PANELS/#RACUSR5
2025-04-04 09:23:40.071776 - Found #RACUSR6.txt (text/plain) in LBDYCK.RACFADM.PANELS, moved to PANELS/#RACUSR6
2025-04-04 09:23:40.071889 - Found #RACUS5A.txt (text/plain) in LBDYCK.RACFADM.PANELS, moved to PANELS/#RACUS5A
2025-04-04 09:23:40.072010 - Found OPERMIT.txt (text/plain) in LBDYCK.RACFADM.PANELS, moved to PANELS/OPERMIT
2025-04-04 09:23:40.072138 - Found ORALTER.txt (text/plain) in LBDYCK.RACFADM.PANELS, moved to PANELS/ORALTER
2025-04-04 09:23:40.072266 - Found ORLIST.txt (text/plain) in LBDYCK.RACFADM.PANELS, moved to PANELS/ORLIST
2025-04-04 09:23:40.072385 - Found RACFACC.txt (text/plain) in LBDYCK.RACFADM.PANELS, moved to PANELS/RACFACC
2025-04-04 09:23:40.072505 - Found RACFAMTC.txt (text/plain) in LBDYCK.RACFADM.PANELS, moved to PANELS/RACFAMTC
2025-04-04 09:23:40.072621 - Found RACFCERA.txt (text/plain) in LBDYCK.RACFADM.PANELS, moved to PANELS/RACFCERA
2025-04-04 09:23:40.072750 - Found RACFCERG.txt (text/plain) in LBDYCK.RACFADM.PANELS, moved to PANELS/RACFCERG
2025-04-04 09:23:40.072859 - Found RACFCERT.bin (application/octet-stream) in LBDYCK.RACFADM.PANELS, moved to PANELS/RACFCERT
2025-04-04 09:23:40.072973 - Found RACFCLSB.txt (text/plain) in LBDYCK.RACFADM.PANELS, moved to PANELS/RACFCLSB
2025-04-04 09:23:40.073100 - Found RACFCLSC.txt (text/plain) in LBDYCK.RACFADM.PANELS, moved to PANELS/RACFCLSC
2025-04-04 09:23:40.073215 - Found RACFCLSD.txt (text/plain) in LBDYCK.RACFADM.PANELS, moved to PANELS/RACFCLSD
2025-04-04 09:23:40.073336 - Found RACFCLSE.txt (text/plain) in LBDYCK.RACFADM.PANELS, moved to PANELS/RACFCLSE
2025-04-04 09:23:40.073456 - Found RACFCLSF.txt (text/plain) in LBDYCK.RACFADM.PANELS, moved to PANELS/RACFCLSF
2025-04-04 09:23:40.073590 - Found RACFCLSR.txt (text/plain) in LBDYCK.RACFADM.PANELS, moved to PANELS/RACFCLSR
2025-04-04 09:23:40.073713 - Found RACFCLS1.txt (text/plain) in LBDYCK.RACFADM.PANELS, moved to PANELS/RACFCLS1
2025-04-04 09:23:40.073830 - Found RACFCLS2.txt (text/plain) in LBDYCK.RACFADM.PANELS, moved to PANELS/RACFCLS2
2025-04-04 09:23:40.073944 - Found RACFCLS3.txt (text/plain) in LBDYCK.RACFADM.PANELS, moved to PANELS/RACFCLS3
2025-04-04 09:23:40.074064 - Found RACFCLS4.txt (text/plain) in LBDYCK.RACFADM.PANELS, moved to PANELS/RACFCLS4
2025-04-04 09:23:40.074175 - Found RACFCLS5.bin (application/octet-stream) in LBDYCK.RACFADM.PANELS, moved to PANELS/RACFCLS5
2025-04-04 09:23:40.074297 - Found RACFCLS6.txt (text/plain) in LBDYCK.RACFADM.PANELS, moved to PANELS/RACFCLS6
2025-04-04 09:23:40.074411 - Found RACFCLS7.txt (text/plain) in LBDYCK.RACFADM.PANELS, moved to PANELS/RACFCLS7
2025-04-04 09:23:40.074528 - Found RACFCLS8.txt (text/plain) in LBDYCK.RACFADM.PANELS, moved to PANELS/RACFCLS8
2025-04-04 09:23:40.074642 - Found RACFCMDS.txt (text/plain) in LBDYCK.RACFADM.PANELS, moved to PANELS/RACFCMDS
2025-04-04 09:23:40.074754 - Found RACFCOPU.txt (text/plain) in LBDYCK.RACFADM.PANELS, moved to PANELS/RACFCOPU
2025-04-04 09:23:40.074864 - Found RACFDISP.bin (application/octet-stream) in LBDYCK.RACFADM.PANELS, moved to PANELS/RACFDISP
2025-04-04 09:23:40.074971 - Found RACFDSC5.bin (application/octet-stream) in LBDYCK.RACFADM.PANELS, moved to PANELS/RACFDSC5
2025-04-04 09:23:40.075095 - Found RACFDSC6.txt (text/plain) in LBDYCK.RACFADM.PANELS, moved to PANELS/RACFDSC6
2025-04-04 09:23:40.075215 - Found RACFDSC7.txt (text/plain) in LBDYCK.RACFADM.PANELS, moved to PANELS/RACFDSC7
2025-04-04 09:23:40.075350 - Found RACFDSN1.txt (text/plain) in LBDYCK.RACFADM.PANELS, moved to PANELS/RACFDSN1
2025-04-04 09:23:40.075460 - Found RACFDSN2.bin (application/octet-stream) in LBDYCK.RACFADM.PANELS, moved to PANELS/RACFDSN2
2025-04-04 09:23:40.075576 - Found RACFDSN3.txt (text/plain) in LBDYCK.RACFADM.PANELS, moved to PANELS/RACFDSN3
2025-04-04 09:23:40.075688 - Found RACFDSN4.txt (text/plain) in LBDYCK.RACFADM.PANELS, moved to PANELS/RACFDSN4
2025-04-04 09:23:40.075799 - Found RACFDSN5.bin (application/octet-stream) in LBDYCK.RACFADM.PANELS, moved to PANELS/RACFDSN5
2025-04-04 09:23:40.075923 - Found RACFDSN6.txt (text/plain) in LBDYCK.RACFADM.PANELS, moved to PANELS/RACFDSN6
2025-04-04 09:23:40.076037 - Found RACFDSN7.txt (text/plain) in LBDYCK.RACFADM.PANELS, moved to PANELS/RACFDSN7
2025-04-04 09:23:40.076160 - Found RACFDSN8.txt (text/plain) in LBDYCK.RACFADM.PANELS, moved to PANELS/RACFDSN8
2025-04-04 09:23:40.076286 - Found RACFEXP.txt (text/plain) in LBDYCK.RACFADM.PANELS, moved to PANELS/RACFEXP
2025-04-04 09:23:40.076406 - Found RACFGEN1.txt (text/plain) in LBDYCK.RACFADM.PANELS, moved to PANELS/RACFGEN1
2025-04-04 09:23:40.076535 - Found RACFGRP1.txt (text/plain) in LBDYCK.RACFADM.PANELS, moved to PANELS/RACFGRP1
2025-04-04 09:23:40.076646 - Found RACFGRP2.txt (text/plain) in LBDYCK.RACFADM.PANELS, moved to PANELS/RACFGRP2
2025-04-04 09:23:40.076762 - Found RACFGRP4.txt (text/plain) in LBDYCK.RACFADM.PANELS, moved to PANELS/RACFGRP4
2025-04-04 09:23:40.076873 - Found RACFGRP5.bin (application/octet-stream) in LBDYCK.RACFADM.PANELS, moved to PANELS/RACFGRP5
2025-04-04 09:23:40.076988 - Found RACFGRP6.txt (text/plain) in LBDYCK.RACFADM.PANELS, moved to PANELS/RACFGRP6
2025-04-04 09:23:40.077102 - Found RACFGRP7.txt (text/plain) in LBDYCK.RACFADM.PANELS, moved to PANELS/RACFGRP7
2025-04-04 09:23:40.077221 - Found RACFGRP8.bin (application/octet-stream) in LBDYCK.RACFADM.PANELS, moved to PANELS/RACFGRP8
2025-04-04 09:23:40.077333 - Found RACFGRP9.txt (text/plain) in LBDYCK.RACFADM.PANELS, moved to PANELS/RACFGRP9
2025-04-04 09:23:40.077462 - Found RACFMENU.txt (text/plain) in LBDYCK.RACFADM.PANELS, moved to PANELS/RACFMENU
2025-04-04 09:23:40.077576 - Found RACFMSG.txt (text/plain) in LBDYCK.RACFADM.PANELS, moved to PANELS/RACFMSG
2025-04-04 09:23:40.077694 - Found RACFMSGU.txt (text/plain) in LBDYCK.RACFADM.PANELS, moved to PANELS/RACFMSGU
2025-04-04 09:23:40.077809 - Found RACFMSG1.txt (text/plain) in LBDYCK.RACFADM.PANELS, moved to PANELS/RACFMSG1
2025-04-04 09:23:40.077921 - Found RACFMSG2.txt (text/plain) in LBDYCK.RACFADM.PANELS, moved to PANELS/RACFMSG2
2025-04-04 09:23:40.078039 - Found RACFMSG3.txt (text/plain) in LBDYCK.RACFADM.PANELS, moved to PANELS/RACFMSG3
2025-04-04 09:23:40.078156 - Found RACFOMVS.txt (text/plain) in LBDYCK.RACFADM.PANELS, moved to PANELS/RACFOMVS
2025-04-04 09:23:40.078275 - Found RACFPPP.txt (text/plain) in LBDYCK.RACFADM.PANELS, moved to PANELS/RACFPPP
2025-04-04 09:23:40.078428 - Found RACFPRMS.bin (application/octet-stream) in LBDYCK.RACFADM.PANELS, moved to PANELS/RACFPRMS
2025-04-04 09:23:40.078546 - Found RACFPSWD.txt (text/plain) in LBDYCK.RACFADM.PANELS, moved to PANELS/RACFPSWD
2025-04-04 09:23:40.078672 - Found RACFPSWE.txt (text/plain) in LBDYCK.RACFADM.PANELS, moved to PANELS/RACFPSWE
2025-04-04 09:23:40.078786 - Found RACFRINA.txt (text/plain) in LBDYCK.RACFADM.PANELS, moved to PANELS/RACFRINA
2025-04-04 09:23:40.078901 - Found RACFRINC.txt (text/plain) in LBDYCK.RACFADM.PANELS, moved to PANELS/RACFRINC
2025-04-04 09:23:40.079012 - Found RACFRIN1.bin (application/octet-stream) in LBDYCK.RACFADM.PANELS, moved to PANELS/RACFRIN1
2025-04-04 09:23:40.079119 - Found RACFRIN2.bin (application/octet-stream) in LBDYCK.RACFADM.PANELS, moved to PANELS/RACFRIN2
2025-04-04 09:23:40.079233 - Found RACFRPTJ.txt (text/plain) in LBDYCK.RACFADM.PANELS, moved to PANELS/RACFRPTJ
2025-04-04 09:23:40.079356 - Found RACFRPTS.bin (application/octet-stream) in LBDYCK.RACFADM.PANELS, moved to PANELS/RACFRPTS
2025-04-04 09:23:40.079471 - Found RACFSAVE.txt (text/plain) in LBDYCK.RACFADM.PANELS, moved to PANELS/RACFSAVE
2025-04-04 09:23:40.079598 - Found RACFSETG.txt (text/plain) in LBDYCK.RACFADM.PANELS, moved to PANELS/RACFSETG
2025-04-04 09:23:40.079729 - Found RACFSETH.txt (text/plain) in LBDYCK.RACFADM.PANELS, moved to PANELS/RACFSETH
2025-04-04 09:23:40.079843 - Found RACFSETI.txt (text/plain) in LBDYCK.RACFADM.PANELS, moved to PANELS/RACFSETI
2025-04-04 09:23:40.079961 - Found RACFUSRT.txt (text/plain) in LBDYCK.RACFADM.PANELS, moved to PANELS/RACFUSRT
2025-04-04 09:23:40.080223 - Found RACFUSR1.txt (text/plain) in LBDYCK.RACFADM.PANELS, moved to PANELS/RACFUSR1
2025-04-04 09:23:40.080338 - Found RACFUSR2.bin (application/octet-stream) in LBDYCK.RACFADM.PANELS, moved to PANELS/RACFUSR2
2025-04-04 09:23:40.080449 - Found RACFUSR3.bin (application/octet-stream) in LBDYCK.RACFADM.PANELS, moved to PANELS/RACFUSR3
2025-04-04 09:23:40.080561 - Found RACFUSR4.txt (text/plain) in LBDYCK.RACFADM.PANELS, moved to PANELS/RACFUSR4
2025-04-04 09:23:40.080687 - Found RACFUSR5.txt (text/plain) in LBDYCK.RACFADM.PANELS, moved to PANELS/RACFUSR5
2025-04-04 09:23:40.080813 - Found RACFUSR6.txt (text/plain) in LBDYCK.RACFADM.PANELS, moved to PANELS/RACFUSR6
2025-04-04 09:23:40.080930 - Found RACFUSR7.txt (text/plain) in LBDYCK.RACFADM.PANELS, moved to PANELS/RACFUSR7
2025-04-04 09:23:40.081049 - Found RACFUSR8.txt (text/plain) in LBDYCK.RACFADM.PANELS, moved to PANELS/RACFUSR8
2025-04-04 09:23:40.081164 - Found RACFUS2A.bin (application/octet-stream) in LBDYCK.RACFADM.PANELS, moved to PANELS/RACFUS2A
2025-04-04 09:23:40.081275 - Found RACFUS5A.txt (text/plain) in LBDYCK.RACFADM.PANELS, moved to PANELS/RACFUS5A
2025-04-04 09:23:40.086918 - Found README.txt (text/plain) in SBGOLOB.CBT509.FILE417, moved to PDS/README
2025-04-04 09:23:40.087126 - Found SKELS.xmi (application/xmit) in SBGOLOB.CBT509.FILE417, moved to PDS/SKELS.xmi
2025-04-04 09:23:40.298130 - Received LBDYCK.RACFADM.SKELS from SKELS.xmi 
2025-04-04 09:23:40.299190 - Found $$DIR.txt (text/plain) in LBDYCK.RACFADM.SKELS, moved to SKELS/$$DIR
2025-04-04 09:23:40.299339 - Found RACFACC.txt (text/plain) in LBDYCK.RACFADM.SKELS, moved to SKELS/RACFACC
2025-04-04 09:23:40.299477 - Found RACFCERT.txt (text/plain) in LBDYCK.RACFADM.SKELS, moved to SKELS/RACFCERT
2025-04-04 09:23:40.299617 - Found RACFCLSD.txt (text/plain) in LBDYCK.RACFADM.SKELS, moved to SKELS/RACFCLSD
2025-04-04 09:23:40.299740 - Found RACFCLSR.txt (text/plain) in LBDYCK.RACFADM.SKELS, moved to SKELS/RACFCLSR
2025-04-04 09:23:40.299860 - Found RACFCLS2.txt (text/plain) in LBDYCK.RACFADM.SKELS, moved to SKELS/RACFCLS2
2025-04-04 09:23:40.299983 - Found RACFCLS5.txt (text/plain) in LBDYCK.RACFADM.SKELS, moved to SKELS/RACFCLS5
2025-04-04 09:23:40.300112 - Found RACFCLS8.txt (text/plain) in LBDYCK.RACFADM.SKELS, moved to SKELS/RACFCLS8
2025-04-04 09:23:40.300235 - Found RACFDSN2.txt (text/plain) in LBDYCK.RACFADM.SKELS, moved to SKELS/RACFDSN2
2025-04-04 09:23:40.300354 - Found RACFDSN5.txt (text/plain) in LBDYCK.RACFADM.SKELS, moved to SKELS/RACFDSN5
2025-04-04 09:23:40.300477 - Found RACFGRP5.txt (text/plain) in LBDYCK.RACFADM.SKELS, moved to SKELS/RACFGRP5
2025-04-04 09:23:40.300599 - Found RACFGRP8.txt (text/plain) in LBDYCK.RACFADM.SKELS, moved to SKELS/RACFGRP8
2025-04-04 09:23:40.300722 - Found RACFJOB.txt (text/plain) in LBDYCK.RACFADM.SKELS, moved to SKELS/RACFJOB
2025-04-04 09:23:40.300838 - Found RACFMSG.txt (text/plain) in LBDYCK.RACFADM.SKELS, moved to SKELS/RACFMSG
2025-04-04 09:23:40.300958 - Found RACFPRMS.txt (text/plain) in LBDYCK.RACFADM.SKELS, moved to SKELS/RACFPRMS
2025-04-04 09:23:40.301072 - Found RACFRIN1.txt (text/plain) in LBDYCK.RACFADM.SKELS, moved to SKELS/RACFRIN1
2025-04-04 09:23:40.301198 - Found RACFRIN2.txt (text/plain) in LBDYCK.RACFADM.SKELS, moved to SKELS/RACFRIN2
2025-04-04 09:23:40.301348 - Found RACFRPTS.txt (text/plain) in LBDYCK.RACFADM.SKELS, moved to SKELS/RACFRPTS
2025-04-04 09:23:40.301471 - Found RACFRPTU.txt (text/plain) in LBDYCK.RACFADM.SKELS, moved to SKELS/RACFRPTU
2025-04-04 09:23:40.301589 - Found RACFUSR2.txt (text/plain) in LBDYCK.RACFADM.SKELS, moved to SKELS/RACFUSR2
2025-04-04 09:23:40.301709 - Found RACFUSR3.txt (text/plain) in LBDYCK.RACFADM.SKELS, moved to SKELS/RACFUSR3
2025-04-04 09:23:40.301852 - Found RACFUS2A.txt (text/plain) in LBDYCK.RACFADM.SKELS, moved to SKELS/RACFUS2A
2025-04-04 09:23:40.301970 - Found RACFXREF.txt (text/plain) in LBDYCK.RACFADM.SKELS, moved to SKELS/RACFXREF
